<?xml version="1.0" encoding="UTF-8"?>
<coverage generated="1713461094177" clover="3.2.0">
  <project timestamp="1713461094177" name="All files">
    <metrics statements="113" coveredstatements="113" conditionals="87" coveredconditionals="85" methods="31" coveredmethods="31" elements="231" coveredelements="229" complexity="0" loc="113" ncloc="113" packages="1" files="3" classes="3"/>
    <file name="binary-tree.js" path="/home/equansa00/Desktop/dsa-trees/binary-tree.js">
      <metrics statements="66" coveredstatements="66" conditionals="53" coveredconditionals="51" methods="16" coveredmethods="16"/>
      <line num="3" count="248" type="stmt"/>
      <line num="4" count="248" type="stmt"/>
      <line num="5" count="248" type="stmt"/>
      <line num="11" count="68" type="stmt"/>
      <line num="15" count="3" type="stmt"/>
      <line num="16" count="11" type="cond" truecount="2" falsecount="0"/>
      <line num="17" count="10" type="cond" truecount="4" falsecount="0"/>
      <line num="18" count="4" type="cond" truecount="1" falsecount="1"/>
      <line num="19" count="4" type="cond" truecount="1" falsecount="1"/>
      <line num="20" count="4" type="stmt"/>
      <line num="22" count="3" type="stmt"/>
      <line num="26" count="3" type="stmt"/>
      <line num="27" count="23" type="cond" truecount="2" falsecount="0"/>
      <line num="28" count="10" type="stmt"/>
      <line num="30" count="3" type="stmt"/>
      <line num="34" count="4" type="cond" truecount="2" falsecount="0"/>
      <line num="35" count="3" type="stmt"/>
      <line num="36" count="35" type="cond" truecount="2" falsecount="0"/>
      <line num="37" count="16" type="stmt"/>
      <line num="38" count="16" type="stmt"/>
      <line num="39" count="16" type="stmt"/>
      <line num="40" count="16" type="stmt"/>
      <line num="42" count="3" type="stmt"/>
      <line num="43" count="3" type="stmt"/>
      <line num="44" count="3" type="stmt"/>
      <line num="49" count="10" type="stmt"/>
      <line num="50" count="10" type="cond" truecount="2" falsecount="0"/>
      <line num="51" count="51" type="stmt"/>
      <line num="52" count="51" type="stmt"/>
      <line num="53" count="51" type="stmt"/>
      <line num="55" count="51" type="stmt"/>
      <line num="56" count="51" type="cond" truecount="5" falsecount="0"/>
      <line num="57" count="9" type="stmt"/>
      <line num="59" count="51" type="stmt"/>
      <line num="61" count="10" type="stmt"/>
      <line num="66" count="129" type="cond" truecount="2" falsecount="0"/>
      <line num="67" count="81" type="cond" truecount="2" falsecount="0"/>
      <line num="68" count="63" type="cond" truecount="2" falsecount="0"/>
      <line num="70" count="9" type="stmt"/>
      <line num="71" count="9" type="stmt"/>
      <line num="72" count="9" type="cond" truecount="4" falsecount="0"/>
      <line num="76" count="36" type="cond" truecount="2" falsecount="0"/>
      <line num="77" count="20" type="stmt"/>
      <line num="78" count="20" type="stmt"/>
      <line num="80" count="16" type="stmt"/>
      <line num="81" count="16" type="stmt"/>
      <line num="82" count="16" type="stmt"/>
      <line num="86" count="3" type="stmt"/>
      <line num="87" count="3" type="stmt"/>
      <line num="90" count="25" type="stmt"/>
      <line num="91" count="25" type="cond" truecount="2" falsecount="0"/>
      <line num="92" count="14" type="stmt"/>
      <line num="93" count="14" type="stmt"/>
      <line num="95" count="11" type="stmt"/>
      <line num="96" count="11" type="stmt"/>
      <line num="97" count="11" type="stmt"/>
      <line num="98" count="11" type="stmt"/>
      <line num="99" count="11" type="stmt"/>
      <line num="102" count="3" type="stmt"/>
      <line num="107" count="46" type="cond" truecount="5" falsecount="0"/>
      <line num="108" count="21" type="stmt"/>
      <line num="109" count="21" type="stmt"/>
      <line num="110" count="21" type="cond" truecount="4" falsecount="0"/>
      <line num="111" count="18" type="cond" truecount="2" falsecount="0"/>
      <line num="113" count="4" type="stmt"/>
      <line num="117" count="1" type="stmt"/>
    </file>
    <file name="recursionExercises.js" path="/home/equansa00/Desktop/dsa-trees/recursionExercises.js">
      <metrics statements="22" coveredstatements="22" conditionals="22" coveredconditionals="22" methods="7" coveredmethods="7"/>
      <line num="3" count="4" type="cond" truecount="2" falsecount="0"/>
      <line num="4" count="3" type="stmt"/>
      <line num="9" count="3" type="cond" truecount="2" falsecount="0"/>
      <line num="10" count="2" type="stmt"/>
      <line num="15" count="4" type="cond" truecount="2" falsecount="0"/>
      <line num="16" count="3" type="stmt"/>
      <line num="21" count="5" type="cond" truecount="2" falsecount="0"/>
      <line num="22" count="4" type="cond" truecount="2" falsecount="0"/>
      <line num="23" count="3" type="stmt"/>
      <line num="28" count="6" type="cond" truecount="2" falsecount="0"/>
      <line num="29" count="5" type="cond" truecount="2" falsecount="0"/>
      <line num="30" count="4" type="stmt"/>
      <line num="35" count="10" type="cond" truecount="2" falsecount="0"/>
      <line num="36" count="9" type="stmt"/>
      <line num="41" count="6" type="stmt"/>
      <line num="42" count="6" type="stmt"/>
      <line num="43" count="11" type="cond" truecount="2" falsecount="0"/>
      <line num="44" count="4" type="stmt"/>
      <line num="45" count="7" type="cond" truecount="2" falsecount="0"/>
      <line num="46" count="5" type="stmt"/>
      <line num="49" count="6" type="stmt"/>
      <line num="52" count="1" type="stmt"/>
    </file>
    <file name="tree.js" path="/home/equansa00/Desktop/dsa-trees/tree.js">
      <metrics statements="25" coveredstatements="25" conditionals="12" coveredconditionals="12" methods="8" coveredmethods="8"/>
      <line num="5" count="90" type="stmt"/>
      <line num="6" count="90" type="stmt"/>
      <line num="12" count="27" type="stmt"/>
      <line num="17" count="3" type="stmt"/>
      <line num="20" count="11" type="cond" truecount="2" falsecount="0"/>
      <line num="21" count="10" type="stmt"/>
      <line num="22" count="10" type="stmt"/>
      <line num="23" count="8" type="stmt"/>
      <line num="27" count="3" type="stmt"/>
      <line num="28" count="3" type="stmt"/>
      <line num="33" count="3" type="stmt"/>
      <line num="36" count="11" type="cond" truecount="2" falsecount="0"/>
      <line num="37" count="10" type="cond" truecount="2" falsecount="0"/>
      <line num="38" count="10" type="stmt"/>
      <line num="39" count="8" type="stmt"/>
      <line num="43" count="3" type="stmt"/>
      <line num="44" count="3" type="stmt"/>
      <line num="50" count="8" type="stmt"/>
      <line num="53" count="33" type="cond" truecount="2" falsecount="0"/>
      <line num="54" count="32" type="cond" truecount="2" falsecount="0"/>
      <line num="55" count="32" type="stmt"/>
      <line num="56" count="25" type="stmt"/>
      <line num="60" count="8" type="stmt"/>
      <line num="61" count="8" type="stmt"/>
      <line num="65" count="1" type="stmt"/>
    </file>
  </project>
</coverage>
