{"/home/equansa00/Desktop/dsa-trees/binary-tree.js": {"path":"/home/equansa00/Desktop/dsa-trees/binary-tree.js","statementMap":{"0":{"start":{"line":3,"column":4},"end":{"line":3,"column":19}},"1":{"start":{"line":4,"column":4},"end":{"line":4,"column":21}},"2":{"start":{"line":5,"column":4},"end":{"line":5,"column":23}},"3":{"start":{"line":11,"column":4},"end":{"line":11,"column":21}},"4":{"start":{"line":15,"column":27},"end":{"line":21,"column":5}},"5":{"start":{"line":16,"column":6},"end":{"line":16,"column":26}},"6":{"start":{"line":16,"column":17},"end":{"line":16,"column":26}},"7":{"start":{"line":17,"column":6},"end":{"line":17,"column":46}},"8":{"start":{"line":17,"column":37},"end":{"line":17,"column":46}},"9":{"start":{"line":18,"column":6},"end":{"line":18,"column":60}},"10":{"start":{"line":18,"column":22},"end":{"line":18,"column":60}},"11":{"start":{"line":19,"column":6},"end":{"line":19,"column":60}},"12":{"start":{"line":19,"column":23},"end":{"line":19,"column":60}},"13":{"start":{"line":20,"column":6},"end":{"line":20,"column":81}},"14":{"start":{"line":22,"column":4},"end":{"line":22,"column":37}},"15":{"start":{"line":26,"column":27},"end":{"line":29,"column":5}},"16":{"start":{"line":27,"column":6},"end":{"line":27,"column":26}},"17":{"start":{"line":27,"column":17},"end":{"line":27,"column":26}},"18":{"start":{"line":28,"column":6},"end":{"line":28,"column":81}},"19":{"start":{"line":30,"column":4},"end":{"line":30,"column":37}},"20":{"start":{"line":34,"column":4},"end":{"line":34,"column":29}},"21":{"start":{"line":34,"column":20},"end":{"line":34,"column":29}},"22":{"start":{"line":35,"column":25},"end":{"line":41,"column":5}},"23":{"start":{"line":36,"column":6},"end":{"line":36,"column":26}},"24":{"start":{"line":36,"column":17},"end":{"line":36,"column":26}},"25":{"start":{"line":37,"column":17},"end":{"line":37,"column":53}},"26":{"start":{"line":38,"column":18},"end":{"line":38,"column":55}},"27":{"start":{"line":39,"column":6},"end":{"line":39,"column":89}},"28":{"start":{"line":40,"column":6},"end":{"line":40,"column":46}},"29":{"start":{"line":42,"column":4},"end":{"line":42,"column":39}},"30":{"start":{"line":43,"column":4},"end":{"line":43,"column":28}},"31":{"start":{"line":44,"column":4},"end":{"line":44,"column":34}},"32":{"start":{"line":49,"column":16},"end":{"line":49,"column":18}},"33":{"start":{"line":49,"column":27},"end":{"line":49,"column":36}},"34":{"start":{"line":49,"column":51},"end":{"line":49,"column":55}},"35":{"start":{"line":50,"column":4},"end":{"line":60,"column":5}},"36":{"start":{"line":51,"column":6},"end":{"line":54,"column":7}},"37":{"start":{"line":52,"column":8},"end":{"line":52,"column":25}},"38":{"start":{"line":53,"column":8},"end":{"line":53,"column":25}},"39":{"start":{"line":55,"column":6},"end":{"line":55,"column":25}},"40":{"start":{"line":56,"column":6},"end":{"line":58,"column":7}},"41":{"start":{"line":57,"column":8},"end":{"line":57,"column":30}},"42":{"start":{"line":59,"column":6},"end":{"line":59,"column":24}},"43":{"start":{"line":61,"column":4},"end":{"line":61,"column":22}},"44":{"start":{"line":66,"column":6},"end":{"line":66,"column":29}},"45":{"start":{"line":66,"column":17},"end":{"line":66,"column":29}},"46":{"start":{"line":67,"column":6},"end":{"line":67,"column":52}},"47":{"start":{"line":67,"column":27},"end":{"line":67,"column":52}},"48":{"start":{"line":68,"column":6},"end":{"line":68,"column":125}},"49":{"start":{"line":70,"column":22},"end":{"line":70,"column":57}},"50":{"start":{"line":71,"column":22},"end":{"line":71,"column":57}},"51":{"start":{"line":72,"column":4},"end":{"line":72,"column":114}},"52":{"start":{"line":76,"column":4},"end":{"line":79,"column":5}},"53":{"start":{"line":77,"column":6},"end":{"line":77,"column":37}},"54":{"start":{"line":78,"column":6},"end":{"line":78,"column":20}},"55":{"start":{"line":80,"column":19},"end":{"line":80,"column":91}},"56":{"start":{"line":81,"column":4},"end":{"line":81,"column":38}},"57":{"start":{"line":82,"column":4},"end":{"line":82,"column":18}},"58":{"start":{"line":86,"column":18},"end":{"line":86,"column":33}},"59":{"start":{"line":87,"column":16},"end":{"line":87,"column":17}},"60":{"start":{"line":90,"column":20},"end":{"line":90,"column":34}},"61":{"start":{"line":91,"column":6},"end":{"line":94,"column":7}},"62":{"start":{"line":92,"column":8},"end":{"line":92,"column":61}},"63":{"start":{"line":93,"column":8},"end":{"line":93,"column":20}},"64":{"start":{"line":95,"column":19},"end":{"line":95,"column":58}},"65":{"start":{"line":96,"column":6},"end":{"line":96,"column":72}},"66":{"start":{"line":97,"column":6},"end":{"line":97,"column":38}},"67":{"start":{"line":98,"column":6},"end":{"line":98,"column":39}},"68":{"start":{"line":99,"column":6},"end":{"line":99,"column":18}},"69":{"start":{"line":102,"column":4},"end":{"line":102,"column":47}},"70":{"start":{"line":107,"column":6},"end":{"line":107,"column":59}},"71":{"start":{"line":107,"column":47},"end":{"line":107,"column":59}},"72":{"start":{"line":108,"column":19},"end":{"line":108,"column":45}},"73":{"start":{"line":109,"column":20},"end":{"line":109,"column":47}},"74":{"start":{"line":110,"column":6},"end":{"line":110,"column":37}},"75":{"start":{"line":110,"column":25},"end":{"line":110,"column":37}},"76":{"start":{"line":111,"column":6},"end":{"line":111,"column":33}},"77":{"start":{"line":113,"column":4},"end":{"line":113,"column":44}},"78":{"start":{"line":117,"column":0},"end":{"line":117,"column":48}}},"fnMap":{"0":{"name":"(anonymous_0)","decl":{"start":{"line":2,"column":2},"end":{"line":2,"column":3}},"loc":{"start":{"line":2,"column":46},"end":{"line":6,"column":3}},"line":2},"1":{"name":"(anonymous_1)","decl":{"start":{"line":10,"column":2},"end":{"line":10,"column":3}},"loc":{"start":{"line":10,"column":27},"end":{"line":12,"column":3}},"line":10},"2":{"name":"(anonymous_2)","decl":{"start":{"line":14,"column":2},"end":{"line":14,"column":3}},"loc":{"start":{"line":14,"column":13},"end":{"line":23,"column":3}},"line":14},"3":{"name":"(anonymous_3)","decl":{"start":{"line":15,"column":27},"end":{"line":15,"column":28}},"loc":{"start":{"line":15,"column":37},"end":{"line":21,"column":5}},"line":15},"4":{"name":"(anonymous_4)","decl":{"start":{"line":25,"column":2},"end":{"line":25,"column":3}},"loc":{"start":{"line":25,"column":13},"end":{"line":31,"column":3}},"line":25},"5":{"name":"(anonymous_5)","decl":{"start":{"line":26,"column":27},"end":{"line":26,"column":28}},"loc":{"start":{"line":26,"column":37},"end":{"line":29,"column":5}},"line":26},"6":{"name":"(anonymous_6)","decl":{"start":{"line":33,"column":2},"end":{"line":33,"column":3}},"loc":{"start":{"line":33,"column":11},"end":{"line":45,"column":3}},"line":33},"7":{"name":"(anonymous_7)","decl":{"start":{"line":35,"column":25},"end":{"line":35,"column":26}},"loc":{"start":{"line":35,"column":35},"end":{"line":41,"column":5}},"line":35},"8":{"name":"(anonymous_8)","decl":{"start":{"line":48,"column":2},"end":{"line":48,"column":3}},"loc":{"start":{"line":48,"column":25},"end":{"line":62,"column":3}},"line":48},"9":{"name":"(anonymous_9)","decl":{"start":{"line":64,"column":2},"end":{"line":64,"column":3}},"loc":{"start":{"line":64,"column":27},"end":{"line":73,"column":3}},"line":64},"10":{"name":"getDepthAndParent","decl":{"start":{"line":65,"column":13},"end":{"line":65,"column":30}},"loc":{"start":{"line":65,"column":71},"end":{"line":69,"column":5}},"line":65},"11":{"name":"(anonymous_11)","decl":{"start":{"line":75,"column":2},"end":{"line":75,"column":3}},"loc":{"start":{"line":75,"column":25},"end":{"line":83,"column":3}},"line":75},"12":{"name":"(anonymous_12)","decl":{"start":{"line":85,"column":2},"end":{"line":85,"column":3}},"loc":{"start":{"line":85,"column":27},"end":{"line":103,"column":3}},"line":85},"13":{"name":"deserializeHelper","decl":{"start":{"line":89,"column":13},"end":{"line":89,"column":30}},"loc":{"start":{"line":89,"column":33},"end":{"line":100,"column":5}},"line":89},"14":{"name":"(anonymous_14)","decl":{"start":{"line":105,"column":2},"end":{"line":105,"column":3}},"loc":{"start":{"line":105,"column":37},"end":{"line":114,"column":3}},"line":105},"15":{"name":"findLCA","decl":{"start":{"line":106,"column":13},"end":{"line":106,"column":20}},"loc":{"start":{"line":106,"column":35},"end":{"line":112,"column":5}},"line":106}},"branchMap":{"0":{"loc":{"start":{"line":2,"column":19},"end":{"line":2,"column":30}},"type":"default-arg","locations":[{"start":{"line":2,"column":26},"end":{"line":2,"column":30}}],"line":2},"1":{"loc":{"start":{"line":2,"column":32},"end":{"line":2,"column":44}},"type":"default-arg","locations":[{"start":{"line":2,"column":40},"end":{"line":2,"column":44}}],"line":2},"2":{"loc":{"start":{"line":10,"column":14},"end":{"line":10,"column":25}},"type":"default-arg","locations":[{"start":{"line":10,"column":21},"end":{"line":10,"column":25}}],"line":10},"3":{"loc":{"start":{"line":16,"column":6},"end":{"line":16,"column":26}},"type":"if","locations":[{"start":{"line":16,"column":6},"end":{"line":16,"column":26}},{"start":{},"end":{}}],"line":16},"4":{"loc":{"start":{"line":17,"column":6},"end":{"line":17,"column":46}},"type":"if","locations":[{"start":{"line":17,"column":6},"end":{"line":17,"column":46}},{"start":{},"end":{}}],"line":17},"5":{"loc":{"start":{"line":17,"column":10},"end":{"line":17,"column":35}},"type":"binary-expr","locations":[{"start":{"line":17,"column":10},"end":{"line":17,"column":20}},{"start":{"line":17,"column":24},"end":{"line":17,"column":35}}],"line":17},"6":{"loc":{"start":{"line":18,"column":6},"end":{"line":18,"column":60}},"type":"if","locations":[{"start":{"line":18,"column":6},"end":{"line":18,"column":60}},{"start":{},"end":{}}],"line":18},"7":{"loc":{"start":{"line":19,"column":6},"end":{"line":19,"column":60}},"type":"if","locations":[{"start":{"line":19,"column":6},"end":{"line":19,"column":60}},{"start":{},"end":{}}],"line":19},"8":{"loc":{"start":{"line":27,"column":6},"end":{"line":27,"column":26}},"type":"if","locations":[{"start":{"line":27,"column":6},"end":{"line":27,"column":26}},{"start":{},"end":{}}],"line":27},"9":{"loc":{"start":{"line":34,"column":4},"end":{"line":34,"column":29}},"type":"if","locations":[{"start":{"line":34,"column":4},"end":{"line":34,"column":29}},{"start":{},"end":{}}],"line":34},"10":{"loc":{"start":{"line":36,"column":6},"end":{"line":36,"column":26}},"type":"if","locations":[{"start":{"line":36,"column":6},"end":{"line":36,"column":26}},{"start":{},"end":{}}],"line":36},"11":{"loc":{"start":{"line":50,"column":11},"end":{"line":50,"column":31}},"type":"binary-expr","locations":[{"start":{"line":50,"column":11},"end":{"line":50,"column":15}},{"start":{"line":50,"column":19},"end":{"line":50,"column":31}}],"line":50},"12":{"loc":{"start":{"line":56,"column":6},"end":{"line":58,"column":7}},"type":"if","locations":[{"start":{"line":56,"column":6},"end":{"line":58,"column":7}},{"start":{},"end":{}}],"line":56},"13":{"loc":{"start":{"line":56,"column":10},"end":{"line":56,"column":81}},"type":"binary-expr","locations":[{"start":{"line":56,"column":10},"end":{"line":56,"column":31}},{"start":{"line":56,"column":36},"end":{"line":56,"column":55}},{"start":{"line":56,"column":59},"end":{"line":56,"column":80}}],"line":56},"14":{"loc":{"start":{"line":65,"column":45},"end":{"line":65,"column":58}},"type":"default-arg","locations":[{"start":{"line":65,"column":54},"end":{"line":65,"column":58}}],"line":65},"15":{"loc":{"start":{"line":65,"column":60},"end":{"line":65,"column":69}},"type":"default-arg","locations":[{"start":{"line":65,"column":68},"end":{"line":65,"column":69}}],"line":65},"16":{"loc":{"start":{"line":66,"column":6},"end":{"line":66,"column":29}},"type":"if","locations":[{"start":{"line":66,"column":6},"end":{"line":66,"column":29}},{"start":{},"end":{}}],"line":66},"17":{"loc":{"start":{"line":67,"column":6},"end":{"line":67,"column":52}},"type":"if","locations":[{"start":{"line":67,"column":6},"end":{"line":67,"column":52}},{"start":{},"end":{}}],"line":67},"18":{"loc":{"start":{"line":68,"column":13},"end":{"line":68,"column":124}},"type":"binary-expr","locations":[{"start":{"line":68,"column":13},"end":{"line":68,"column":66}},{"start":{"line":68,"column":70},"end":{"line":68,"column":124}}],"line":68},"19":{"loc":{"start":{"line":72,"column":11},"end":{"line":72,"column":113}},"type":"binary-expr","locations":[{"start":{"line":72,"column":11},"end":{"line":72,"column":20}},{"start":{"line":72,"column":24},"end":{"line":72,"column":33}},{"start":{"line":72,"column":37},"end":{"line":72,"column":72}},{"start":{"line":72,"column":76},"end":{"line":72,"column":113}}],"line":72},"20":{"loc":{"start":{"line":76,"column":4},"end":{"line":79,"column":5}},"type":"if","locations":[{"start":{"line":76,"column":4},"end":{"line":79,"column":5}},{"start":{},"end":{}}],"line":76},"21":{"loc":{"start":{"line":91,"column":6},"end":{"line":94,"column":7}},"type":"if","locations":[{"start":{"line":91,"column":6},"end":{"line":94,"column":7}},{"start":{},"end":{}}],"line":91},"22":{"loc":{"start":{"line":107,"column":6},"end":{"line":107,"column":59}},"type":"if","locations":[{"start":{"line":107,"column":6},"end":{"line":107,"column":59}},{"start":{},"end":{}}],"line":107},"23":{"loc":{"start":{"line":107,"column":10},"end":{"line":107,"column":45}},"type":"binary-expr","locations":[{"start":{"line":107,"column":10},"end":{"line":107,"column":15}},{"start":{"line":107,"column":19},"end":{"line":107,"column":30}},{"start":{"line":107,"column":34},"end":{"line":107,"column":45}}],"line":107},"24":{"loc":{"start":{"line":110,"column":6},"end":{"line":110,"column":37}},"type":"if","locations":[{"start":{"line":110,"column":6},"end":{"line":110,"column":37}},{"start":{},"end":{}}],"line":110},"25":{"loc":{"start":{"line":110,"column":10},"end":{"line":110,"column":23}},"type":"binary-expr","locations":[{"start":{"line":110,"column":10},"end":{"line":110,"column":14}},{"start":{"line":110,"column":18},"end":{"line":110,"column":23}}],"line":110},"26":{"loc":{"start":{"line":111,"column":13},"end":{"line":111,"column":32}},"type":"cond-expr","locations":[{"start":{"line":111,"column":20},"end":{"line":111,"column":24}},{"start":{"line":111,"column":27},"end":{"line":111,"column":32}}],"line":111}},"s":{"0":248,"1":248,"2":248,"3":68,"4":3,"5":11,"6":1,"7":10,"8":6,"9":4,"10":0,"11":4,"12":0,"13":4,"14":3,"15":3,"16":23,"17":13,"18":10,"19":3,"20":4,"21":1,"22":3,"23":35,"24":19,"25":16,"26":16,"27":16,"28":16,"29":3,"30":3,"31":3,"32":10,"33":10,"34":10,"35":10,"36":51,"37":51,"38":51,"39":51,"40":51,"41":9,"42":51,"43":10,"44":129,"45":48,"46":81,"47":18,"48":63,"49":9,"50":9,"51":9,"52":36,"53":20,"54":20,"55":16,"56":16,"57":16,"58":3,"59":3,"60":25,"61":25,"62":14,"63":14,"64":11,"65":11,"66":11,"67":11,"68":11,"69":3,"70":46,"71":25,"72":21,"73":21,"74":21,"75":3,"76":18,"77":4,"78":1},"f":{"0":248,"1":68,"2":3,"3":11,"4":3,"5":23,"6":4,"7":35,"8":10,"9":9,"10":129,"11":36,"12":3,"13":25,"14":4,"15":46},"b":{"0":[166],"1":[167],"2":[19],"3":[1,10],"4":[6,4],"5":[10,6],"6":[0,4],"7":[0,4],"8":[13,10],"9":[1,3],"10":[19,16],"11":[61,31],"12":[9,42],"13":[51,20,13],"14":[18],"15":[18],"16":[48,81],"17":[18,63],"18":[63,48],"19":[9,9,9,7],"20":[20,16],"21":[14,11],"22":[25,21],"23":[46,28,24],"24":[3,18],"25":[21,6],"26":[3,15]},"_coverageSchema":"1a1c01bbd47fc00a2c39e90264f33305004495a9","hash":"98850248768a6631e2b6ed0af15f7e783cbc4012"}
,"/home/equansa00/Desktop/dsa-trees/recursionExercises.js": {"path":"/home/equansa00/Desktop/dsa-trees/recursionExercises.js","statementMap":{"0":{"start":{"line":3,"column":4},"end":{"line":3,"column":35}},"1":{"start":{"line":3,"column":26},"end":{"line":3,"column":35}},"2":{"start":{"line":4,"column":4},"end":{"line":4,"column":42}},"3":{"start":{"line":9,"column":4},"end":{"line":9,"column":51}},"4":{"start":{"line":9,"column":28},"end":{"line":9,"column":51}},"5":{"start":{"line":10,"column":4},"end":{"line":10,"column":62}},"6":{"start":{"line":15,"column":4},"end":{"line":15,"column":39}},"7":{"start":{"line":15,"column":29},"end":{"line":15,"column":39}},"8":{"start":{"line":16,"column":4},"end":{"line":16,"column":51}},"9":{"start":{"line":21,"column":4},"end":{"line":21,"column":37}},"10":{"start":{"line":21,"column":25},"end":{"line":21,"column":37}},"11":{"start":{"line":22,"column":4},"end":{"line":22,"column":53}},"12":{"start":{"line":22,"column":40},"end":{"line":22,"column":53}},"13":{"start":{"line":23,"column":4},"end":{"line":23,"column":42}},"14":{"start":{"line":28,"column":4},"end":{"line":28,"column":39}},"15":{"start":{"line":28,"column":29},"end":{"line":28,"column":39}},"16":{"start":{"line":29,"column":4},"end":{"line":29,"column":44}},"17":{"start":{"line":29,"column":31},"end":{"line":29,"column":44}},"18":{"start":{"line":30,"column":4},"end":{"line":30,"column":45}},"19":{"start":{"line":35,"column":4},"end":{"line":35,"column":30}},"20":{"start":{"line":35,"column":20},"end":{"line":35,"column":30}},"21":{"start":{"line":36,"column":4},"end":{"line":36,"column":45}},"22":{"start":{"line":41,"column":23},"end":{"line":41,"column":25}},"23":{"start":{"line":42,"column":4},"end":{"line":48,"column":5}},"24":{"start":{"line":43,"column":8},"end":{"line":47,"column":9}},"25":{"start":{"line":44,"column":12},"end":{"line":44,"column":40}},"26":{"start":{"line":45,"column":15},"end":{"line":47,"column":9}},"27":{"start":{"line":46,"column":12},"end":{"line":46,"column":72}},"28":{"start":{"line":49,"column":4},"end":{"line":49,"column":24}},"29":{"start":{"line":52,"column":0},"end":{"line":52,"column":101}}},"fnMap":{"0":{"name":"product","decl":{"start":{"line":2,"column":9},"end":{"line":2,"column":16}},"loc":{"start":{"line":2,"column":22},"end":{"line":5,"column":1}},"line":2},"1":{"name":"longest","decl":{"start":{"line":8,"column":9},"end":{"line":8,"column":16}},"loc":{"start":{"line":8,"column":24},"end":{"line":11,"column":1}},"line":8},"2":{"name":"everyOther","decl":{"start":{"line":14,"column":9},"end":{"line":14,"column":19}},"loc":{"start":{"line":14,"column":36},"end":{"line":17,"column":1}},"line":14},"3":{"name":"isPalindrome","decl":{"start":{"line":20,"column":9},"end":{"line":20,"column":21}},"loc":{"start":{"line":20,"column":27},"end":{"line":24,"column":1}},"line":20},"4":{"name":"findIndex","decl":{"start":{"line":27,"column":9},"end":{"line":27,"column":18}},"loc":{"start":{"line":27,"column":43},"end":{"line":31,"column":1}},"line":27},"5":{"name":"revString","decl":{"start":{"line":34,"column":9},"end":{"line":34,"column":18}},"loc":{"start":{"line":34,"column":24},"end":{"line":37,"column":1}},"line":34},"6":{"name":"gatherStrings","decl":{"start":{"line":40,"column":9},"end":{"line":40,"column":22}},"loc":{"start":{"line":40,"column":28},"end":{"line":50,"column":1}},"line":40}},"branchMap":{"0":{"loc":{"start":{"line":3,"column":4},"end":{"line":3,"column":35}},"type":"if","locations":[{"start":{"line":3,"column":4},"end":{"line":3,"column":35}},{"start":{},"end":{}}],"line":3},"1":{"loc":{"start":{"line":9,"column":4},"end":{"line":9,"column":51}},"type":"if","locations":[{"start":{"line":9,"column":4},"end":{"line":9,"column":51}},{"start":{},"end":{}}],"line":9},"2":{"loc":{"start":{"line":14,"column":25},"end":{"line":14,"column":34}},"type":"default-arg","locations":[{"start":{"line":14,"column":33},"end":{"line":14,"column":34}}],"line":14},"3":{"loc":{"start":{"line":15,"column":4},"end":{"line":15,"column":39}},"type":"if","locations":[{"start":{"line":15,"column":4},"end":{"line":15,"column":39}},{"start":{},"end":{}}],"line":15},"4":{"loc":{"start":{"line":21,"column":4},"end":{"line":21,"column":37}},"type":"if","locations":[{"start":{"line":21,"column":4},"end":{"line":21,"column":37}},{"start":{},"end":{}}],"line":21},"5":{"loc":{"start":{"line":22,"column":4},"end":{"line":22,"column":53}},"type":"if","locations":[{"start":{"line":22,"column":4},"end":{"line":22,"column":53}},{"start":{},"end":{}}],"line":22},"6":{"loc":{"start":{"line":27,"column":32},"end":{"line":27,"column":41}},"type":"default-arg","locations":[{"start":{"line":27,"column":40},"end":{"line":27,"column":41}}],"line":27},"7":{"loc":{"start":{"line":28,"column":4},"end":{"line":28,"column":39}},"type":"if","locations":[{"start":{"line":28,"column":4},"end":{"line":28,"column":39}},{"start":{},"end":{}}],"line":28},"8":{"loc":{"start":{"line":29,"column":4},"end":{"line":29,"column":44}},"type":"if","locations":[{"start":{"line":29,"column":4},"end":{"line":29,"column":44}},{"start":{},"end":{}}],"line":29},"9":{"loc":{"start":{"line":35,"column":4},"end":{"line":35,"column":30}},"type":"if","locations":[{"start":{"line":35,"column":4},"end":{"line":35,"column":30}},{"start":{},"end":{}}],"line":35},"10":{"loc":{"start":{"line":43,"column":8},"end":{"line":47,"column":9}},"type":"if","locations":[{"start":{"line":43,"column":8},"end":{"line":47,"column":9}},{"start":{"line":45,"column":15},"end":{"line":47,"column":9}}],"line":43},"11":{"loc":{"start":{"line":45,"column":15},"end":{"line":47,"column":9}},"type":"if","locations":[{"start":{"line":45,"column":15},"end":{"line":47,"column":9}},{"start":{},"end":{}}],"line":45}},"s":{"0":4,"1":1,"2":3,"3":3,"4":1,"5":2,"6":4,"7":1,"8":3,"9":5,"10":1,"11":4,"12":1,"13":3,"14":6,"15":1,"16":5,"17":1,"18":4,"19":10,"20":1,"21":9,"22":6,"23":6,"24":11,"25":4,"26":7,"27":5,"28":6,"29":1},"f":{"0":4,"1":3,"2":4,"3":5,"4":6,"5":10,"6":6},"b":{"0":[1,3],"1":[1,2],"2":[1],"3":[1,3],"4":[1,4],"5":[1,3],"6":[2],"7":[1,5],"8":[1,4],"9":[1,9],"10":[4,7],"11":[5,2]},"_coverageSchema":"1a1c01bbd47fc00a2c39e90264f33305004495a9","hash":"8c620a4edfad91f12551e1763914b42bd7c95986"}
,"/home/equansa00/Desktop/dsa-trees/tree.js": {"path":"/home/equansa00/Desktop/dsa-trees/tree.js","statementMap":{"0":{"start":{"line":5,"column":4},"end":{"line":5,"column":19}},"1":{"start":{"line":6,"column":4},"end":{"line":6,"column":29}},"2":{"start":{"line":12,"column":4},"end":{"line":12,"column":21}},"3":{"start":{"line":17,"column":16},"end":{"line":17,"column":17}},"4":{"start":{"line":20,"column":6},"end":{"line":20,"column":24}},"5":{"start":{"line":20,"column":17},"end":{"line":20,"column":24}},"6":{"start":{"line":21,"column":6},"end":{"line":21,"column":24}},"7":{"start":{"line":22,"column":6},"end":{"line":24,"column":7}},"8":{"start":{"line":23,"column":8},"end":{"line":23,"column":25}},"9":{"start":{"line":27,"column":4},"end":{"line":27,"column":25}},"10":{"start":{"line":28,"column":4},"end":{"line":28,"column":17}},"11":{"start":{"line":33,"column":16},"end":{"line":33,"column":17}},"12":{"start":{"line":36,"column":6},"end":{"line":36,"column":24}},"13":{"start":{"line":36,"column":17},"end":{"line":36,"column":24}},"14":{"start":{"line":37,"column":6},"end":{"line":37,"column":38}},"15":{"start":{"line":37,"column":30},"end":{"line":37,"column":38}},"16":{"start":{"line":38,"column":6},"end":{"line":40,"column":7}},"17":{"start":{"line":39,"column":8},"end":{"line":39,"column":32}},"18":{"start":{"line":43,"column":4},"end":{"line":43,"column":32}},"19":{"start":{"line":44,"column":4},"end":{"line":44,"column":17}},"20":{"start":{"line":50,"column":16},"end":{"line":50,"column":17}},"21":{"start":{"line":53,"column":6},"end":{"line":53,"column":24}},"22":{"start":{"line":53,"column":17},"end":{"line":53,"column":24}},"23":{"start":{"line":54,"column":6},"end":{"line":54,"column":41}},"24":{"start":{"line":54,"column":33},"end":{"line":54,"column":41}},"25":{"start":{"line":55,"column":6},"end":{"line":57,"column":7}},"26":{"start":{"line":56,"column":8},"end":{"line":56,"column":32}},"27":{"start":{"line":60,"column":4},"end":{"line":60,"column":32}},"28":{"start":{"line":61,"column":4},"end":{"line":61,"column":17}},"29":{"start":{"line":65,"column":0},"end":{"line":65,"column":36}}},"fnMap":{"0":{"name":"(anonymous_0)","decl":{"start":{"line":4,"column":2},"end":{"line":4,"column":3}},"loc":{"start":{"line":4,"column":34},"end":{"line":7,"column":3}},"line":4},"1":{"name":"(anonymous_1)","decl":{"start":{"line":11,"column":2},"end":{"line":11,"column":3}},"loc":{"start":{"line":11,"column":27},"end":{"line":13,"column":3}},"line":11},"2":{"name":"(anonymous_2)","decl":{"start":{"line":16,"column":2},"end":{"line":16,"column":3}},"loc":{"start":{"line":16,"column":14},"end":{"line":29,"column":3}},"line":16},"3":{"name":"sumHelper","decl":{"start":{"line":19,"column":13},"end":{"line":19,"column":22}},"loc":{"start":{"line":19,"column":29},"end":{"line":25,"column":5}},"line":19},"4":{"name":"(anonymous_4)","decl":{"start":{"line":32,"column":2},"end":{"line":32,"column":3}},"loc":{"start":{"line":32,"column":15},"end":{"line":45,"column":3}},"line":32},"5":{"name":"countEvensHelper","decl":{"start":{"line":35,"column":13},"end":{"line":35,"column":29}},"loc":{"start":{"line":35,"column":36},"end":{"line":41,"column":5}},"line":35},"6":{"name":"(anonymous_6)","decl":{"start":{"line":49,"column":2},"end":{"line":49,"column":3}},"loc":{"start":{"line":49,"column":25},"end":{"line":62,"column":3}},"line":49},"7":{"name":"numGreaterHelper","decl":{"start":{"line":52,"column":13},"end":{"line":52,"column":29}},"loc":{"start":{"line":52,"column":36},"end":{"line":58,"column":5}},"line":52}},"branchMap":{"0":{"loc":{"start":{"line":4,"column":19},"end":{"line":4,"column":32}},"type":"default-arg","locations":[{"start":{"line":4,"column":30},"end":{"line":4,"column":32}}],"line":4},"1":{"loc":{"start":{"line":11,"column":14},"end":{"line":11,"column":25}},"type":"default-arg","locations":[{"start":{"line":11,"column":21},"end":{"line":11,"column":25}}],"line":11},"2":{"loc":{"start":{"line":20,"column":6},"end":{"line":20,"column":24}},"type":"if","locations":[{"start":{"line":20,"column":6},"end":{"line":20,"column":24}},{"start":{},"end":{}}],"line":20},"3":{"loc":{"start":{"line":36,"column":6},"end":{"line":36,"column":24}},"type":"if","locations":[{"start":{"line":36,"column":6},"end":{"line":36,"column":24}},{"start":{},"end":{}}],"line":36},"4":{"loc":{"start":{"line":37,"column":6},"end":{"line":37,"column":38}},"type":"if","locations":[{"start":{"line":37,"column":6},"end":{"line":37,"column":38}},{"start":{},"end":{}}],"line":37},"5":{"loc":{"start":{"line":53,"column":6},"end":{"line":53,"column":24}},"type":"if","locations":[{"start":{"line":53,"column":6},"end":{"line":53,"column":24}},{"start":{},"end":{}}],"line":53},"6":{"loc":{"start":{"line":54,"column":6},"end":{"line":54,"column":41}},"type":"if","locations":[{"start":{"line":54,"column":6},"end":{"line":54,"column":41}},{"start":{},"end":{}}],"line":54}},"s":{"0":90,"1":90,"2":27,"3":3,"4":11,"5":1,"6":10,"7":10,"8":8,"9":3,"10":3,"11":3,"12":11,"13":1,"14":10,"15":5,"16":10,"17":8,"18":3,"19":3,"20":8,"21":33,"22":1,"23":32,"24":15,"25":32,"26":25,"27":8,"28":8,"29":1},"f":{"0":90,"1":27,"2":3,"3":11,"4":3,"5":11,"6":8,"7":33},"b":{"0":[90],"1":[9],"2":[1,10],"3":[1,10],"4":[5,5],"5":[1,32],"6":[15,17]},"_coverageSchema":"1a1c01bbd47fc00a2c39e90264f33305004495a9","hash":"2ae870fb6fca0588802d3e880b075e3dc74819ce"}
}
