TN:
SF:binary-tree.js
FN:2,(anonymous_0)
FN:10,(anonymous_1)
FN:14,(anonymous_2)
FN:15,(anonymous_3)
FN:25,(anonymous_4)
FN:26,(anonymous_5)
FN:33,(anonymous_6)
FN:35,(anonymous_7)
FN:48,(anonymous_8)
FN:64,(anonymous_9)
FN:65,getDepthAndParent
FN:75,(anonymous_11)
FN:85,(anonymous_12)
FN:89,deserializeHelper
FN:105,(anonymous_14)
FN:106,findLCA
FNF:16
FNH:16
FNDA:248,(anonymous_0)
FNDA:68,(anonymous_1)
FNDA:3,(anonymous_2)
FNDA:11,(anonymous_3)
FNDA:3,(anonymous_4)
FNDA:23,(anonymous_5)
FNDA:4,(anonymous_6)
FNDA:35,(anonymous_7)
FNDA:10,(anonymous_8)
FNDA:9,(anonymous_9)
FNDA:129,getDepthAndParent
FNDA:36,(anonymous_11)
FNDA:3,(anonymous_12)
FNDA:25,deserializeHelper
FNDA:4,(anonymous_14)
FNDA:46,findLCA
DA:3,248
DA:4,248
DA:5,248
DA:11,68
DA:15,3
DA:16,11
DA:17,10
DA:18,4
DA:19,4
DA:20,4
DA:22,3
DA:26,3
DA:27,23
DA:28,10
DA:30,3
DA:34,4
DA:35,3
DA:36,35
DA:37,16
DA:38,16
DA:39,16
DA:40,16
DA:42,3
DA:43,3
DA:44,3
DA:49,10
DA:50,10
DA:51,51
DA:52,51
DA:53,51
DA:55,51
DA:56,51
DA:57,9
DA:59,51
DA:61,10
DA:66,129
DA:67,81
DA:68,63
DA:70,9
DA:71,9
DA:72,9
DA:76,36
DA:77,20
DA:78,20
DA:80,16
DA:81,16
DA:82,16
DA:86,3
DA:87,3
DA:90,25
DA:91,25
DA:92,14
DA:93,14
DA:95,11
DA:96,11
DA:97,11
DA:98,11
DA:99,11
DA:102,3
DA:107,46
DA:108,21
DA:109,21
DA:110,21
DA:111,18
DA:113,4
DA:117,1
LF:66
LH:66
BRDA:2,0,0,166
BRDA:2,1,0,167
BRDA:10,2,0,19
BRDA:16,3,0,1
BRDA:16,3,1,10
BRDA:17,4,0,6
BRDA:17,4,1,4
BRDA:17,5,0,10
BRDA:17,5,1,6
BRDA:18,6,0,0
BRDA:18,6,1,4
BRDA:19,7,0,0
BRDA:19,7,1,4
BRDA:27,8,0,13
BRDA:27,8,1,10
BRDA:34,9,0,1
BRDA:34,9,1,3
BRDA:36,10,0,19
BRDA:36,10,1,16
BRDA:50,11,0,61
BRDA:50,11,1,31
BRDA:56,12,0,9
BRDA:56,12,1,42
BRDA:56,13,0,51
BRDA:56,13,1,20
BRDA:56,13,2,13
BRDA:65,14,0,18
BRDA:65,15,0,18
BRDA:66,16,0,48
BRDA:66,16,1,81
BRDA:67,17,0,18
BRDA:67,17,1,63
BRDA:68,18,0,63
BRDA:68,18,1,48
BRDA:72,19,0,9
BRDA:72,19,1,9
BRDA:72,19,2,9
BRDA:72,19,3,7
BRDA:76,20,0,20
BRDA:76,20,1,16
BRDA:91,21,0,14
BRDA:91,21,1,11
BRDA:107,22,0,25
BRDA:107,22,1,21
BRDA:107,23,0,46
BRDA:107,23,1,28
BRDA:107,23,2,24
BRDA:110,24,0,3
BRDA:110,24,1,18
BRDA:110,25,0,21
BRDA:110,25,1,6
BRDA:111,26,0,3
BRDA:111,26,1,15
BRF:53
BRH:51
end_of_record
TN:
SF:recursionExercises.js
FN:2,product
FN:8,longest
FN:14,everyOther
FN:20,isPalindrome
FN:27,findIndex
FN:34,revString
FN:40,gatherStrings
FNF:7
FNH:7
FNDA:4,product
FNDA:3,longest
FNDA:4,everyOther
FNDA:5,isPalindrome
FNDA:6,findIndex
FNDA:10,revString
FNDA:6,gatherStrings
DA:3,4
DA:4,3
DA:9,3
DA:10,2
DA:15,4
DA:16,3
DA:21,5
DA:22,4
DA:23,3
DA:28,6
DA:29,5
DA:30,4
DA:35,10
DA:36,9
DA:41,6
DA:42,6
DA:43,11
DA:44,4
DA:45,7
DA:46,5
DA:49,6
DA:52,1
LF:22
LH:22
BRDA:3,0,0,1
BRDA:3,0,1,3
BRDA:9,1,0,1
BRDA:9,1,1,2
BRDA:14,2,0,1
BRDA:15,3,0,1
BRDA:15,3,1,3
BRDA:21,4,0,1
BRDA:21,4,1,4
BRDA:22,5,0,1
BRDA:22,5,1,3
BRDA:27,6,0,2
BRDA:28,7,0,1
BRDA:28,7,1,5
BRDA:29,8,0,1
BRDA:29,8,1,4
BRDA:35,9,0,1
BRDA:35,9,1,9
BRDA:43,10,0,4
BRDA:43,10,1,7
BRDA:45,11,0,5
BRDA:45,11,1,2
BRF:22
BRH:22
end_of_record
TN:
SF:tree.js
FN:4,(anonymous_0)
FN:11,(anonymous_1)
FN:16,(anonymous_2)
FN:19,sumHelper
FN:32,(anonymous_4)
FN:35,countEvensHelper
FN:49,(anonymous_6)
FN:52,numGreaterHelper
FNF:8
FNH:8
FNDA:90,(anonymous_0)
FNDA:27,(anonymous_1)
FNDA:3,(anonymous_2)
FNDA:11,sumHelper
FNDA:3,(anonymous_4)
FNDA:11,countEvensHelper
FNDA:8,(anonymous_6)
FNDA:33,numGreaterHelper
DA:5,90
DA:6,90
DA:12,27
DA:17,3
DA:20,11
DA:21,10
DA:22,10
DA:23,8
DA:27,3
DA:28,3
DA:33,3
DA:36,11
DA:37,10
DA:38,10
DA:39,8
DA:43,3
DA:44,3
DA:50,8
DA:53,33
DA:54,32
DA:55,32
DA:56,25
DA:60,8
DA:61,8
DA:65,1
LF:25
LH:25
BRDA:4,0,0,90
BRDA:11,1,0,9
BRDA:20,2,0,1
BRDA:20,2,1,10
BRDA:36,3,0,1
BRDA:36,3,1,10
BRDA:37,4,0,5
BRDA:37,4,1,5
BRDA:53,5,0,1
BRDA:53,5,1,32
BRDA:54,6,0,15
BRDA:54,6,1,17
BRF:12
BRH:12
end_of_record
